<?xml version="1.0" encoding="UTF-8"?>
<!-- Generated by org.testng.reporters.JUnitReportReporter -->
<testsuite hostname="USER-20160905MH" name="selenium.testng.LoginTest" tests="8" failures="0" timestamp="3 Apr 2018 07:48:07 GMT" time="104.752" errors="0">
  <testcase name="login" time="12.425" classname="selenium.testng.LoginTest"/>
  <testcase name="login" time="11.882" classname="selenium.testng.LoginTest"/>
  <testcase name="login" time="11.634" classname="selenium.testng.LoginTest"/>
  <testcase name="login" time="12.626" classname="selenium.testng.LoginTest"/>
  <testcase name="login" time="14.194" classname="selenium.testng.LoginTest"/>
  <testcase name="login" time="15.356" classname="selenium.testng.LoginTest"/>
  <testcase name="login" time="15.358" classname="selenium.testng.LoginTest"/>
  <testcase name="login" time="11.277" classname="selenium.testng.LoginTest"/>
</testsuite> <!-- selenium.testng.LoginTest -->
